<?xml version="1.0" encoding="UTF-8"?>
<testng-results ignored="0" total="2" passed="2" failed="0" skipped="0">
  <reporter-output>
  </reporter-output>
  <suite started-at="2024-01-10T22:45:27 IST" name="Default suite" finished-at="2024-01-10T22:45:28 IST" duration-ms="99">
    <groups>
    </groups>
    <test started-at="2024-01-10T22:45:27 IST" name="Default test" finished-at="2024-01-10T22:45:28 IST" duration-ms="99">
      <class name="day1">
        <test-method signature="DemoTest2()[pri:1, instance:day1@6a370f4]" started-at="2024-01-10T22:45:28 IST" name="DemoTest2" finished-at="2024-01-10T22:45:28 IST" duration-ms="21" status="PASS">
          <reporter-output>
          </reporter-output>
        </test-method> <!-- DemoTest2 -->
        <test-method signature="DemoTest()[pri:10, instance:day1@6a370f4]" started-at="2024-01-10T22:45:28 IST" name="DemoTest" finished-at="2024-01-10T22:45:28 IST" duration-ms="2" status="PASS">
          <reporter-output>
          </reporter-output>
        </test-method> <!-- DemoTest -->
      </class> <!-- day1 -->
    </test> <!-- Default test -->
  </suite> <!-- Default suite -->
</testng-results>
